Loading data from /path/to/NER/xtreme_MulDA//panx_processed_maxlen128/en/orig_data/train.xlmr
Changing I- -> B-
Successfully Saving to /path/to/NER/xtreme_MulDA//MulDA/FINAL//train.af.tsv | Examples: 20018 -> 3264
Loading data from /path/to/NER/xtreme_MulDA//panx_processed_maxlen128/en/orig_data/train.xlmr
Changing I- -> B-
Successfully Saving to /path/to/NER/xtreme_MulDA//MulDA/FINAL//train.ar.tsv | Examples: 20018 -> 13552
Loading data from /path/to/NER/xtreme_MulDA//panx_processed_maxlen128/en/orig_data/train.xlmr
Changing I- -> B-
Loading data from /path/to/NER/xtreme_MulDA//panx_processed_maxlen128/en/orig_data/train.xlmr
Changing I- -> B-
Successfully Saving to /path/to/NER/xtreme_MulDA//MulDA/FINAL//train.af.tsv | Examples: 20018 -> 3264
Loading data from /path/to/NER/xtreme_MulDA//panx_processed_maxlen128/en/orig_data/train.xlmr
Changing I- -> B-
Successfully Saving to /path/to/NER/xtreme_MulDA//MulDA/FINAL//train.ar.tsv | Examples: 20018 -> 5000
Loading data from /path/to/NER/xtreme_MulDA//panx_processed_maxlen128/en/orig_data/train.xlmr
Changing I- -> B-
Successfully Saving to /path/to/NER/xtreme_MulDA//MulDA/FINAL//train.bg.tsv | Examples: 20018 -> 5000
Loading data from /path/to/NER/xtreme_MulDA//panx_processed_maxlen128/en/orig_data/train.xlmr
Changing I- -> B-
Successfully Saving to /path/to/NER/xtreme_MulDA//MulDA/FINAL//train.bn.tsv | Examples: 20018 -> 5000
Loading data from /path/to/NER/xtreme_MulDA//panx_processed_maxlen128/en/orig_data/train.xlmr
Changing I- -> B-
Successfully Saving to /path/to/NER/xtreme_MulDA//MulDA/FINAL//train.de.tsv | Examples: 20018 -> 5000
Loading data from /path/to/NER/xtreme_MulDA//panx_processed_maxlen128/en/orig_data/train.xlmr
Changing I- -> B-
Successfully Saving to /path/to/NER/xtreme_MulDA//MulDA/FINAL//train.el.tsv | Examples: 20018 -> 5000
Loading data from /path/to/NER/xtreme_MulDA//panx_processed_maxlen128/en/orig_data/train.xlmr
Changing I- -> B-
Successfully Saving to /path/to/NER/xtreme_MulDA//MulDA/FINAL//train.es.tsv | Examples: 20018 -> 5000
Loading data from /path/to/NER/xtreme_MulDA//panx_processed_maxlen128/en/orig_data/train.xlmr
Changing I- -> B-
Successfully Saving to /path/to/NER/xtreme_MulDA//MulDA/FINAL//train.et.tsv | Examples: 20018 -> 5000
Loading data from /path/to/NER/xtreme_MulDA//panx_processed_maxlen128/en/orig_data/train.xlmr
Changing I- -> B-
Successfully Saving to /path/to/NER/xtreme_MulDA//MulDA/FINAL//train.eu.tsv | Examples: 20018 -> 5000
Loading data from /path/to/NER/xtreme_MulDA//panx_processed_maxlen128/en/orig_data/train.xlmr
Changing I- -> B-
Successfully Saving to /path/to/NER/xtreme_MulDA//MulDA/FINAL//train.fa.tsv | Examples: 20018 -> 5000
Loading data from /path/to/NER/xtreme_MulDA//panx_processed_maxlen128/en/orig_data/train.xlmr
Changing I- -> B-
Successfully Saving to /path/to/NER/xtreme_MulDA//MulDA/FINAL//train.fi.tsv | Examples: 20018 -> 5000
Loading data from /path/to/NER/xtreme_MulDA//panx_processed_maxlen128/en/orig_data/train.xlmr
Changing I- -> B-
Successfully Saving to /path/to/NER/xtreme_MulDA//MulDA/FINAL//train.fr.tsv | Examples: 20018 -> 5000
Loading data from /path/to/NER/xtreme_MulDA//panx_processed_maxlen128/en/orig_data/train.xlmr
Changing I- -> B-
Successfully Saving to /path/to/NER/xtreme_MulDA//MulDA/FINAL//train.he.tsv | Examples: 20018 -> 5000
Loading data from /path/to/NER/xtreme_MulDA//panx_processed_maxlen128/en/orig_data/train.xlmr
Changing I- -> B-
Successfully Saving to /path/to/NER/xtreme_MulDA//MulDA/FINAL//train.hi.tsv | Examples: 20018 -> 5000
Loading data from /path/to/NER/xtreme_MulDA//panx_processed_maxlen128/en/orig_data/train.xlmr
Changing I- -> B-
Successfully Saving to /path/to/NER/xtreme_MulDA//MulDA/FINAL//train.hu.tsv | Examples: 20018 -> 5000
Loading data from /path/to/NER/xtreme_MulDA//panx_processed_maxlen128/en/orig_data/train.xlmr
Changing I- -> B-
Successfully Saving to /path/to/NER/xtreme_MulDA//MulDA/FINAL//train.id.tsv | Examples: 20018 -> 5000
Loading data from /path/to/NER/xtreme_MulDA//panx_processed_maxlen128/en/orig_data/train.xlmr
Changing I- -> B-
Successfully Saving to /path/to/NER/xtreme_MulDA//MulDA/FINAL//train.it.tsv | Examples: 20018 -> 5000
Loading data from /path/to/NER/xtreme_MulDA//panx_processed_maxlen128/en/orig_data/train.xlmr
Changing I- -> B-
Successfully Saving to /path/to/NER/xtreme_MulDA//MulDA/FINAL//train.ja.tsv | Examples: 20018 -> 5000
Loading data from /path/to/NER/xtreme_MulDA//panx_processed_maxlen128/en/orig_data/train.xlmr
Changing I- -> B-
Successfully Saving to /path/to/NER/xtreme_MulDA//MulDA/FINAL//train.jv.tsv | Examples: 20018 -> 758
Loading data from /path/to/NER/xtreme_MulDA//panx_processed_maxlen128/en/orig_data/train.xlmr
Changing I- -> B-
Successfully Saving to /path/to/NER/xtreme_MulDA//MulDA/FINAL//train.ka.tsv | Examples: 20018 -> 5000
Loading data from /path/to/NER/xtreme_MulDA//panx_processed_maxlen128/en/orig_data/train.xlmr
Changing I- -> B-
Successfully Saving to /path/to/NER/xtreme_MulDA//MulDA/FINAL//train.kk.tsv | Examples: 20018 -> 5000
Loading data from /path/to/NER/xtreme_MulDA//panx_processed_maxlen128/en/orig_data/train.xlmr
Changing I- -> B-
Successfully Saving to /path/to/NER/xtreme_MulDA//MulDA/FINAL//train.ko.tsv | Examples: 20018 -> 5000
Loading data from /path/to/NER/xtreme_MulDA//panx_processed_maxlen128/en/orig_data/train.xlmr
Changing I- -> B-
Successfully Saving to /path/to/NER/xtreme_MulDA//MulDA/FINAL//train.ml.tsv | Examples: 20018 -> 5000
Loading data from /path/to/NER/xtreme_MulDA//panx_processed_maxlen128/en/orig_data/train.xlmr
Changing I- -> B-
Successfully Saving to /path/to/NER/xtreme_MulDA//MulDA/FINAL//train.mr.tsv | Examples: 20018 -> 5000
Loading data from /path/to/NER/xtreme_MulDA//panx_processed_maxlen128/en/orig_data/train.xlmr
Changing I- -> B-
Successfully Saving to /path/to/NER/xtreme_MulDA//MulDA/FINAL//train.ms.tsv | Examples: 20018 -> 3106
Loading data from /path/to/NER/xtreme_MulDA//panx_processed_maxlen128/en/orig_data/train.xlmr
Changing I- -> B-
Successfully Saving to /path/to/NER/xtreme_MulDA//MulDA/FINAL//train.my.tsv | Examples: 20018 -> 5000
Loading data from /path/to/NER/xtreme_MulDA//panx_processed_maxlen128/en/orig_data/train.xlmr
Changing I- -> B-
Successfully Saving to /path/to/NER/xtreme_MulDA//MulDA/FINAL//train.nl.tsv | Examples: 20018 -> 5000
Loading data from /path/to/NER/xtreme_MulDA//panx_processed_maxlen128/en/orig_data/train.xlmr
Changing I- -> B-
Successfully Saving to /path/to/NER/xtreme_MulDA//MulDA/FINAL//train.pt.tsv | Examples: 20018 -> 5000
Loading data from /path/to/NER/xtreme_MulDA//panx_processed_maxlen128/en/orig_data/train.xlmr
Changing I- -> B-
Successfully Saving to /path/to/NER/xtreme_MulDA//MulDA/FINAL//train.ru.tsv | Examples: 20018 -> 5000
Loading data from /path/to/NER/xtreme_MulDA//panx_processed_maxlen128/en/orig_data/train.xlmr
Changing I- -> B-
Successfully Saving to /path/to/NER/xtreme_MulDA//MulDA/FINAL//train.sw.tsv | Examples: 20018 -> 5000
Loading data from /path/to/NER/xtreme_MulDA//panx_processed_maxlen128/en/orig_data/train.xlmr
Changing I- -> B-
Successfully Saving to /path/to/NER/xtreme_MulDA//MulDA/FINAL//train.ta.tsv | Examples: 20018 -> 5000
Loading data from /path/to/NER/xtreme_MulDA//panx_processed_maxlen128/en/orig_data/train.xlmr
Changing I- -> B-
Successfully Saving to /path/to/NER/xtreme_MulDA//MulDA/FINAL//train.te.tsv | Examples: 20018 -> 5000
Loading data from /path/to/NER/xtreme_MulDA//panx_processed_maxlen128/en/orig_data/train.xlmr
Changing I- -> B-
Successfully Saving to /path/to/NER/xtreme_MulDA//MulDA/FINAL//train.th.tsv | Examples: 20018 -> 617
Loading data from /path/to/NER/xtreme_MulDA//panx_processed_maxlen128/en/orig_data/train.xlmr
Changing I- -> B-
Successfully Saving to /path/to/NER/xtreme_MulDA//MulDA/FINAL//train.tl.tsv | Examples: 20018 -> 4303
Loading data from /path/to/NER/xtreme_MulDA//panx_processed_maxlen128/en/orig_data/train.xlmr
Changing I- -> B-
Successfully Saving to /path/to/NER/xtreme_MulDA//MulDA/FINAL//train.tr.tsv | Examples: 20018 -> 5000
Loading data from /path/to/NER/xtreme_MulDA//panx_processed_maxlen128/en/orig_data/train.xlmr
Changing I- -> B-
Successfully Saving to /path/to/NER/xtreme_MulDA//MulDA/FINAL//train.ur.tsv | Examples: 20018 -> 5000
Loading data from /path/to/NER/xtreme_MulDA//panx_processed_maxlen128/en/orig_data/train.xlmr
Changing I- -> B-
Successfully Saving to /path/to/NER/xtreme_MulDA//MulDA/FINAL//train.vi.tsv | Examples: 20018 -> 5000
Loading data from /path/to/NER/xtreme_MulDA//panx_processed_maxlen128/en/orig_data/train.xlmr
Changing I- -> B-
Successfully Saving to /path/to/NER/xtreme_MulDA//MulDA/FINAL//train.yo.tsv | Examples: 20018 -> 5000
Loading data from /path/to/NER/xtreme_MulDA//panx_processed_maxlen128/en/orig_data/train.xlmr
Changing I- -> B-
Successfully Saving to /path/to/NER/xtreme_MulDA//MulDA/FINAL//train.zh.tsv | Examples: 20018 -> 5000
