Loading data from /path/to/NER/unitrans-data/xlmr_augment_v1/translation/LABELED_X_NER/train.de.tsv + /path/to/NER/unitrans-data/xlmr_augment_v1/train-de.tsv
ITER = 1: Cannot Loading multilingual labeled data
Changing Begin I- -> B-
Changing Begin I- -> B-
Loading data from /path/to/NER/unitrans-data/xlmr_augment_v1/translation/LABELED_X_NER/train.de.tsv + /path/to/NER/unitrans-data/xlmr_augment_v1/train-de.tsv
ITER = 1: Cannot Loading multilingual labeled data
Changing Begin I- -> B-
Changing Begin I- -> B-
Prediction Accuracy 0.7287597081666275
Successfully Saving to /path/to/xTune/data/log/unitrans-data/train.de.tsv.log | Examples: 12152 -> 4142 | Exceeding Max Length: 0
Successfully Saving to /path/to/NER/unitrans-data/xlmr_augment_v1/translation/FINAL/train.de.tsv | Examples: 12152 -> 4142 | Exceeding Max Length: 0
Successfully Saving to /path/to/NER/unitrans-data/xlmr_augment_v1/translation/FINAL/train.de.tsv.idx | Examples: 12152 -> 4142 | Exceeding Max Length: 0
Loading data from /path/to/NER/unitrans-data/xlmr_augment_v1//translation/LABELED_X_NER//train.de.tsv + /path/to/NER/unitrans-data/xlmr_augment_v1//train-de.tsv
ITER = 1: Cannot Loading multilingual labeled data
Changing Begin I- -> B-
Changing Begin I- -> B-
Prediction Accuracy 0.7287597081666275
Successfully Saving to /path/to/xTune/data/log//train.de.tsv.log | Examples: 12152 -> 4142 | Exceeding Max Length: 0
Successfully Saving to /path/to/NER/unitrans-data/xlmr_augment_v1//translation/FINAL//train.de.tsv | Examples: 12152 -> 4142 | Exceeding Max Length: 0
Successfully Saving to /path/to/NER/unitrans-data/xlmr_augment_v1/translation/FINAL/train.de.idx | Examples: 12152 -> 4142 | Exceeding Max Length: 0
Loading data from /path/to/NER/unitrans-data/xlmr_augment_v1//translation/LABELED_X_NER//train.es.tsv + /path/to/NER/unitrans-data/xlmr_augment_v1//train-es.tsv
ITER = 1: Cannot Loading multilingual labeled data
Changing Begin I- -> B-
Changing Begin I- -> B-
Prediction Accuracy 0.8308888888888889
Successfully Saving to /path/to/xTune/data/log//train.es.tsv.log | Examples: 8323 -> 1663 | Exceeding Max Length: 0
Successfully Saving to /path/to/NER/unitrans-data/xlmr_augment_v1//translation/FINAL//train.es.tsv | Examples: 8323 -> 1663 | Exceeding Max Length: 0
Successfully Saving to /path/to/NER/unitrans-data/xlmr_augment_v1/translation/FINAL/train.es.idx | Examples: 8323 -> 1663 | Exceeding Max Length: 0
Loading data from /path/to/NER/unitrans-data/xlmr_augment_v1/translation/LABELED_X_NER/train.de.tsv + /path/to/NER/unitrans-data/xlmr_augment_v1/train-de.tsv
ITER = 1: Cannot Loading multilingual labeled data
Changing Begin I- -> B-
Changing Begin I- -> B-
Prediction Accuracy 0.7249236551562133
Successfully Saving to /path/to/xTune/data/log/unitrans-data/train.de.tsv.log | Examples: 12152 -> 4144 | Exceeding Max Length: 0
Successfully Saving to /path/to/NER/unitrans-data/xlmr_augment_v1/translation/FINAL/train.de.tsv | Examples: 12152 -> 4144 | Exceeding Max Length: 0
Successfully Saving to /path/to/NER/unitrans-data/xlmr_augment_v1/translation/FINAL/train.de.tsv.idx | Examples: 12152 -> 4144 | Exceeding Max Length: 0
Loading data from /path/to/NER/unitrans-data/xlmr_augment_v1//translation/LABELED_X_NER//train.nl.tsv + /path/to/NER/unitrans-data/xlmr_augment_v1//train-nl.tsv
ITER = 1: Cannot Loading multilingual labeled data
Changing Begin I- -> B-
Changing Begin I- -> B-
Prediction Accuracy 0.846186895810956
Successfully Saving to /path/to/xTune/data/log//train.nl.tsv.log | Examples: 15806 -> 4474 | Exceeding Max Length: 0
Successfully Saving to /path/to/NER/unitrans-data/xlmr_augment_v1//translation/FINAL//train.nl.tsv | Examples: 15806 -> 4474 | Exceeding Max Length: 0
Successfully Saving to /path/to/NER/unitrans-data/xlmr_augment_v1/translation/FINAL/train.nl.idx | Examples: 15806 -> 4474 | Exceeding Max Length: 0
Loading data from /path/to/NER/unitrans-data/xlmr_augment_v1//translation/LABELED_X_NER//train.no.tsv + /path/to/NER/unitrans-data/xlmr_augment_v1//train-no.tsv
ITER = 1: Cannot Loading multilingual labeled data
Changing Begin I- -> B-
Changing Begin I- -> B-
Prediction Accuracy 0.71875
Successfully Saving to /path/to/xTune/data/log//train.no.tsv.log | Examples: 15696 -> 704 | Exceeding Max Length: 0
Successfully Saving to /path/to/NER/unitrans-data/xlmr_augment_v1//translation/FINAL//train.no.tsv | Examples: 15696 -> 704 | Exceeding Max Length: 0
Successfully Saving to /path/to/NER/unitrans-data/xlmr_augment_v1/translation/FINAL/train.no.idx | Examples: 15696 -> 704 | Exceeding Max Length: 0
Loading data from /path/to/NER/unitrans-data/xlmr_augment_v1/translation/LABELED_X_NER/train.de.tsv + /path/to/NER/unitrans-data/xlmr_augment_v1/train-de.tsv
ITER = 1: Cannot Loading multilingual labeled data
Changing Begin I- -> B-
Changing Begin I- -> B-
Prediction Accuracy 0.7287597081666275
Successfully Saving to /path/to/xTune/data/log/unitrans-data/train.de.tsv.log | Examples: 12152 -> 4142 | Exceeding Max Length: 0
Successfully Saving to /path/to/NER/unitrans-data/xlmr_augment_v1/translation/FINAL/train.de.tsv | Examples: 12152 -> 4142 | Exceeding Max Length: 0
Successfully Saving to /path/to/NER/unitrans-data/xlmr_augment_v1/translation/FINAL/train.de.tsv.idx | Examples: 12152 -> 4142 | Exceeding Max Length: 0
Loading data from /path/to/NER/unitrans-data/xlmr_augment_v1//translation/LABELED_X_NER//train.de.tsv + /path/to/NER/unitrans-data/xlmr_augment_v1//train-de.tsv
ITER = 1: Cannot Loading multilingual labeled data
Changing Begin I- -> B-
Changing Begin I- -> B-
Prediction Accuracy 0.7287597081666275
Successfully Saving to /path/to/xTune/data/log//train.de.tsv.log | Examples: 12152 -> 4142 | Exceeding Max Length: 0
Successfully Saving to /path/to/NER/unitrans-data/xlmr_augment_v1//translation/FINAL//train.de.tsv | Examples: 12152 -> 4142 | Exceeding Max Length: 0
Successfully Saving to /path/to/NER/unitrans-data/xlmr_augment_v1/translation/FINAL/train.de.idx | Examples: 12152 -> 4142 | Exceeding Max Length: 0
Loading data from /path/to/NER/unitrans-data/xlmr_augment_v1//translation/LABELED_X_NER//train.es.tsv + /path/to/NER/unitrans-data/xlmr_augment_v1//train-es.tsv
ITER = 1: Cannot Loading multilingual labeled data
Changing Begin I- -> B-
Changing Begin I- -> B-
Prediction Accuracy 0.8308888888888889
Successfully Saving to /path/to/xTune/data/log//train.es.tsv.log | Examples: 8323 -> 1663 | Exceeding Max Length: 0
Successfully Saving to /path/to/NER/unitrans-data/xlmr_augment_v1//translation/FINAL//train.es.tsv | Examples: 8323 -> 1663 | Exceeding Max Length: 0
Successfully Saving to /path/to/NER/unitrans-data/xlmr_augment_v1/translation/FINAL/train.es.idx | Examples: 8323 -> 1663 | Exceeding Max Length: 0
Loading data from /path/to/NER/unitrans-data/xlmr_augment_v1//translation/LABELED_X_NER//train.nl.tsv + /path/to/NER/unitrans-data/xlmr_augment_v1//train-nl.tsv
ITER = 1: Cannot Loading multilingual labeled data
Changing Begin I- -> B-
Changing Begin I- -> B-
Prediction Accuracy 0.8462446351931331
Successfully Saving to /path/to/xTune/data/log//train.nl.tsv.log | Examples: 15806 -> 4478 | Exceeding Max Length: 0
Successfully Saving to /path/to/NER/unitrans-data/xlmr_augment_v1//translation/FINAL//train.nl.tsv | Examples: 15806 -> 4478 | Exceeding Max Length: 0
Successfully Saving to /path/to/NER/unitrans-data/xlmr_augment_v1/translation/FINAL/train.nl.idx | Examples: 15806 -> 4478 | Exceeding Max Length: 0
Loading data from /path/to/NER/unitrans-data/xlmr_augment_v1//translation/LABELED_X_NER//train.no.tsv + /path/to/NER/unitrans-data/xlmr_augment_v1//train-no.tsv
ITER = 1: Cannot Loading multilingual labeled data
Changing Begin I- -> B-
Changing Begin I- -> B-
Prediction Accuracy 0.71875
Successfully Saving to /path/to/xTune/data/log//train.no.tsv.log | Examples: 15696 -> 704 | Exceeding Max Length: 0
Successfully Saving to /path/to/NER/unitrans-data/xlmr_augment_v1//translation/FINAL//train.no.tsv | Examples: 15696 -> 704 | Exceeding Max Length: 0
Successfully Saving to /path/to/NER/unitrans-data/xlmr_augment_v1/translation/FINAL/train.no.idx | Examples: 15696 -> 704 | Exceeding Max Length: 0
Loading data from /path/to/NER/unitrans-data/xlmr_augment_v1/translation/LABELED_X_NER/train.de.tsv + /path/to/NER/unitrans-data/xlmr_augment_v1/train-de.tsv
ITER = 1: Cannot Loading multilingual labeled data
Changing Begin I- -> B-
Changing Begin I- -> B-
Prediction Accuracy 0.7218509645694112
Successfully Saving to /path/to/xTune/data/log/unitrans-data/train.de.tsv.log | Examples: 12152 -> 4025 | Exceeding Max Length: 0
Successfully Saving to /path/to/NER/unitrans-data/xlmr_augment_v1/translation/FINAL/train.de.tsv | Examples: 12152 -> 4025 | Exceeding Max Length: 0
Successfully Saving to /path/to/NER/unitrans-data/xlmr_augment_v1/translation/FINAL/train.de.tsv.idx | Examples: 12152 -> 4025 | Exceeding Max Length: 0
Loading data from /path/to/NER/unitrans-data/xlmr_augment_v1/translation/LABELED_X_NER/train.de.tsv + /path/to/NER/unitrans-data/xlmr_augment_v1/train-de.tsv
ITER = 1: Cannot Loading multilingual labeled data
Changing Begin I- -> B-
Changing Begin I- -> B-
Prediction Accuracy 0.7286940166921358
Successfully Saving to /path/to/xTune/data/log/unitrans-data/train.de.tsv.log | Examples: 12152 -> 4144 | Exceeding Max Length: 0
Successfully Saving to /path/to/NER/unitrans-data/xlmr_augment_v1/translation/FINAL/train.de.tsv | Examples: 12152 -> 4144 | Exceeding Max Length: 0
Successfully Saving to /path/to/NER/unitrans-data/xlmr_augment_v1/translation/FINAL/train.de.tsv.idx | Examples: 12152 -> 4144 | Exceeding Max Length: 0
Loading data from /path/to/NER/unitrans-data/xlmr_augment_v1/translation/LABELED_X_NER/train.de.tsv + /path/to/NER/unitrans-data/xlmr_augment_v1/train-de.tsv
ITER = 1: Cannot Loading multilingual labeled data
Changing Begin I- -> B-
Changing Begin I- -> B-
Prediction Accuracy 0.7271646051379639
Successfully Saving to /path/to/xTune/data/log/unitrans-data/train.de.tsv.log | Examples: 12152 -> 4127 | Exceeding Max Length: 0
Successfully Saving to /path/to/NER/unitrans-data/xlmr_augment_v1/translation/FINAL/train.de.tsv | Examples: 12152 -> 4127 | Exceeding Max Length: 0
Successfully Saving to /path/to/NER/unitrans-data/xlmr_augment_v1/translation/FINAL/train.de.tsv.idx | Examples: 12152 -> 4127 | Exceeding Max Length: 0
Loading data from /path/to/NER/unitrans-data/xlmr_augment_v1//translation/LABELED_X_NER//train.de.tsv + /path/to/NER/unitrans-data/xlmr_augment_v1//train-de.tsv
Loading data from /path/to/NER/unitrans-data/xlmr_augment_v1//translation/LABELED_X_NER//train.de.tsv + /path/to/NER/unitrans-data/xlmr_augment_v1//train-de.tsv
ITER = 1: Cannot Loading multilingual labeled data
Changing Begin I- -> B-
Changing Begin I- -> B-
Prediction Accuracy 0.7221478144405211
Successfully Saving to /path/to/xTune/data/log//train.de.tsv.log | Examples: 12152 -> 4039 | Exceeding Max Length: 0
Successfully Saving to /path/to/NER/unitrans-data/xlmr_augment_v1//translation/FINAL//train.de.tsv | Examples: 12152 -> 4039 | Exceeding Max Length: 0
Successfully Saving to /path/to/NER/unitrans-data/xlmr_augment_v1/translation/FINAL/train.de.idx | Examples: 12152 -> 4039 | Exceeding Max Length: 0
Loading data from /path/to/NER/unitrans-data/xlmr_augment_v1//translation/LABELED_X_NER//train.es.tsv + /path/to/NER/unitrans-data/xlmr_augment_v1//train-es.tsv
ITER = 1: Cannot Loading multilingual labeled data
Changing Begin I- -> B-
Changing Begin I- -> B-
Prediction Accuracy 0.837588135181133
Successfully Saving to /path/to/xTune/data/log//train.es.tsv.log | Examples: 8323 -> 1591 | Exceeding Max Length: 0
Successfully Saving to /path/to/NER/unitrans-data/xlmr_augment_v1//translation/FINAL//train.es.tsv | Examples: 8323 -> 1591 | Exceeding Max Length: 0
Successfully Saving to /path/to/NER/unitrans-data/xlmr_augment_v1/translation/FINAL/train.es.idx | Examples: 8323 -> 1591 | Exceeding Max Length: 0
Loading data from /path/to/NER/unitrans-data/xlmr_augment_v1//translation/LABELED_X_NER//train.nl.tsv + /path/to/NER/unitrans-data/xlmr_augment_v1//train-nl.tsv
ITER = 1: Cannot Loading multilingual labeled data
Changing Begin I- -> B-
Changing Begin I- -> B-
Prediction Accuracy 0.8639557654648082
Successfully Saving to /path/to/xTune/data/log//train.nl.tsv.log | Examples: 15806 -> 4260 | Exceeding Max Length: 0
Successfully Saving to /path/to/NER/unitrans-data/xlmr_augment_v1//translation/FINAL//train.nl.tsv | Examples: 15806 -> 4260 | Exceeding Max Length: 0
Successfully Saving to /path/to/NER/unitrans-data/xlmr_augment_v1/translation/FINAL/train.nl.idx | Examples: 15806 -> 4260 | Exceeding Max Length: 0
Loading data from /path/to/NER/unitrans-data/xlmr_augment_v1//translation/LABELED_X_NER//train.no.tsv + /path/to/NER/unitrans-data/xlmr_augment_v1//train-no.tsv
ITER = 1: Cannot Loading multilingual labeled data
Changing Begin I- -> B-
Changing Begin I- -> B-
Prediction Accuracy 0.8231098430813124
Successfully Saving to /path/to/xTune/data/log//train.no.tsv.log | Examples: 15696 -> 4934 | Exceeding Max Length: 0
Successfully Saving to /path/to/NER/unitrans-data/xlmr_augment_v1//translation/FINAL//train.no.tsv | Examples: 15696 -> 4934 | Exceeding Max Length: 0
Successfully Saving to /path/to/NER/unitrans-data/xlmr_augment_v1/translation/FINAL/train.no.idx | Examples: 15696 -> 4934 | Exceeding Max Length: 0
Loading data from /path/to/NER/unitrans-data/xlmr_augment_v1//translation/LABELED_X_NER//train.de.tsv + /path/to/NER/unitrans-data/xlmr_augment_v1//train-de.tsv
ITER = 1: Cannot Loading multilingual labeled data
Changing Begin I- -> B-
Changing Begin I- -> B-
Prediction Accuracy 0.7150172680719304
Successfully Saving to /path/to/xTune/data/log//train.de.tsv.log | Examples: 12152 -> 4158 | Exceeding Max Length: 0
Successfully Saving to /path/to/NER/unitrans-data/xlmr_augment_v1//translation/FINAL//train.de.tsv | Examples: 12152 -> 4158 | Exceeding Max Length: 0
Successfully Saving to /path/to/NER/unitrans-data/xlmr_augment_v1/translation/FINAL/train.de.idx | Examples: 12152 -> 4158 | Exceeding Max Length: 0
Loading data from /path/to/NER/unitrans-data/xlmr_augment_v1//translation/LABELED_X_NER//train.es.tsv + /path/to/NER/unitrans-data/xlmr_augment_v1//train-es.tsv
ITER = 1: Cannot Loading multilingual labeled data
Changing Begin I- -> B-
Changing Begin I- -> B-
Prediction Accuracy 0.8247903075489282
Successfully Saving to /path/to/xTune/data/log//train.es.tsv.log | Examples: 8323 -> 1683 | Exceeding Max Length: 0
Successfully Saving to /path/to/NER/unitrans-data/xlmr_augment_v1//translation/FINAL//train.es.tsv | Examples: 8323 -> 1683 | Exceeding Max Length: 0
Successfully Saving to /path/to/NER/unitrans-data/xlmr_augment_v1/translation/FINAL/train.es.idx | Examples: 8323 -> 1683 | Exceeding Max Length: 0
Loading data from /path/to/NER/unitrans-data/xlmr_augment_v1//translation/LABELED_X_NER//train.nl.tsv + /path/to/NER/unitrans-data/xlmr_augment_v1//train-nl.tsv
ITER = 1: Cannot Loading multilingual labeled data
Changing Begin I- -> B-
Changing Begin I- -> B-
Prediction Accuracy 0.8672431332655137
Successfully Saving to /path/to/xTune/data/log//train.nl.tsv.log | Examples: 15806 -> 4820 | Exceeding Max Length: 0
Successfully Saving to /path/to/NER/unitrans-data/xlmr_augment_v1//translation/FINAL//train.nl.tsv | Examples: 15806 -> 4820 | Exceeding Max Length: 0
Successfully Saving to /path/to/NER/unitrans-data/xlmr_augment_v1/translation/FINAL/train.nl.idx | Examples: 15806 -> 4820 | Exceeding Max Length: 0
Loading data from /path/to/NER/unitrans-data/xlmr_augment_v1//translation/LABELED_X_NER//train.no.tsv + /path/to/NER/unitrans-data/xlmr_augment_v1//train-no.tsv
ITER = 1: Cannot Loading multilingual labeled data
Changing Begin I- -> B-
Changing Begin I- -> B-
Prediction Accuracy 0.8231098430813124
Successfully Saving to /path/to/xTune/data/log//train.no.tsv.log | Examples: 15696 -> 4934 | Exceeding Max Length: 0
Successfully Saving to /path/to/NER/unitrans-data/xlmr_augment_v1//translation/FINAL//train.no.tsv | Examples: 15696 -> 4934 | Exceeding Max Length: 0
Successfully Saving to /path/to/NER/unitrans-data/xlmr_augment_v1/translation/FINAL/train.no.idx | Examples: 15696 -> 4934 | Exceeding Max Length: 0
Loading data from /path/to/NER/unitrans-data/xlmr_augment_v1//translation/LABELED_X_NER//train.de.tsv + /path/to/NER/unitrans-data/xlmr_augment_v1//train-de.tsv
ITER = 1: Cannot Loading multilingual labeled data
Changing Begin I- -> B-
Changing Begin I- -> B-
Prediction Accuracy 0.7213336614173228
Successfully Saving to /path/to/xTune/data/log//train.de.tsv.log | Examples: 12152 -> 3998 | Exceeding Max Length: 0
Successfully Saving to /path/to/NER/unitrans-data/xlmr_augment_v1//translation/FINAL//train.de.tsv | Examples: 12152 -> 3998 | Exceeding Max Length: 0
Successfully Saving to /path/to/NER/unitrans-data/xlmr_augment_v1/translation/FINAL/train.de.idx | Examples: 12152 -> 3998 | Exceeding Max Length: 0
Loading data from /path/to/NER/unitrans-data/xlmr_augment_v1//translation/LABELED_X_NER//train.es.tsv + /path/to/NER/unitrans-data/xlmr_augment_v1//train-es.tsv
ITER = 1: Cannot Loading multilingual labeled data
Changing Begin I- -> B-
Changing Begin I- -> B-
Prediction Accuracy 0.8297349002459689
Successfully Saving to /path/to/xTune/data/log//train.es.tsv.log | Examples: 8323 -> 1417 | Exceeding Max Length: 0
Successfully Saving to /path/to/NER/unitrans-data/xlmr_augment_v1//translation/FINAL//train.es.tsv | Examples: 8323 -> 1417 | Exceeding Max Length: 0
Successfully Saving to /path/to/NER/unitrans-data/xlmr_augment_v1/translation/FINAL/train.es.idx | Examples: 8323 -> 1417 | Exceeding Max Length: 0
Loading data from /path/to/NER/unitrans-data/xlmr_augment_v1//translation/LABELED_X_NER//train.nl.tsv + /path/to/NER/unitrans-data/xlmr_augment_v1//train-nl.tsv
ITER = 1: Cannot Loading multilingual labeled data
Changing Begin I- -> B-
Changing Begin I- -> B-
Prediction Accuracy 0.8691403834260977
Successfully Saving to /path/to/xTune/data/log//train.nl.tsv.log | Examples: 15806 -> 3981 | Exceeding Max Length: 0
Successfully Saving to /path/to/NER/unitrans-data/xlmr_augment_v1//translation/FINAL//train.nl.tsv | Examples: 15806 -> 3981 | Exceeding Max Length: 0
Successfully Saving to /path/to/NER/unitrans-data/xlmr_augment_v1/translation/FINAL/train.nl.idx | Examples: 15806 -> 3981 | Exceeding Max Length: 0
Loading data from /path/to/NER/unitrans-data/xlmr_augment_v1//translation/LABELED_X_NER//train.no.tsv + /path/to/NER/unitrans-data/xlmr_augment_v1//train-no.tsv
ITER = 1: Cannot Loading multilingual labeled data
Changing Begin I- -> B-
Changing Begin I- -> B-
Prediction Accuracy 0.8331752269955278
Successfully Saving to /path/to/xTune/data/log//train.no.tsv.log | Examples: 15696 -> 3847 | Exceeding Max Length: 0
Successfully Saving to /path/to/NER/unitrans-data/xlmr_augment_v1//translation/FINAL//train.no.tsv | Examples: 15696 -> 3847 | Exceeding Max Length: 0
Successfully Saving to /path/to/NER/unitrans-data/xlmr_augment_v1/translation/FINAL/train.no.idx | Examples: 15696 -> 3847 | Exceeding Max Length: 0
Loading data from /path/to/NER/unitrans-data/xlmr_augment_v1/translation/LABELED_X_NER/train.de.tsv + /path/to/NER/unitrans-data/xlmr_augment_v1/train-de.tsv
ITER = 1: Cannot Loading multilingual labeled data
Changing Begin I- -> B-
Changing Begin I- -> B-
Loading data from /path/to/NER/unitrans-data/xlmr_augment_v1/translation/LABELED_X_NER/train.de.tsv + /path/to/NER/unitrans-data/xlmr_augment_v1/train-de.tsv
ITER = 1: Cannot Loading multilingual labeled data
Changing Begin I- -> B-
Changing Begin I- -> B-
Loading data from /path/to/NER/unitrans-data/xlmr_augment_v1/translation/LABELED_X_NER/train.de.tsv + /path/to/NER/unitrans-data/xlmr_augment_v1/train-de.tsv
ITER = 1: Cannot Loading multilingual labeled data
Changing Begin I- -> B-
Changing Begin I- -> B-
Prediction Accuracy 0.7213336614173228
Successfully Saving to /path/to/xTune/data/log/unitrans-data/train.de.tsv.log | Examples: 12152 -> 9301 | Exceeding Max Length: 0
Successfully Saving to /path/to/NER/unitrans-data/xlmr_augment_v1/translation/FINAL/train.de.tsv | Examples: 12152 -> 9301 | Exceeding Max Length: 0
Successfully Saving to /path/to/NER/unitrans-data/xlmr_augment_v1/translation/FINAL/train.de.tsv.idx | Examples: 12152 -> 9301 | Exceeding Max Length: 0
Loading data from /path/to/NER/unitrans-data/xlmr_augment_v1/translation/LABELED_X_NER/train.de.tsv + /path/to/NER/unitrans-data/xlmr_augment_v1/train-de.tsv
ITER = 1: Cannot Loading multilingual labeled data
Changing Begin I- -> B-
Changing Begin I- -> B-
Prediction Accuracy 0.7213336614173228
Successfully Saving to /path/to/xTune/data/log/unitrans-data/log/train.de.tsv.log | Examples: 12152 -> 9301 | Exceeding Max Length: 0
Successfully Saving to /path/to/NER/unitrans-data/xlmr_augment_v1/translation/FINAL/train.de.tsv | Examples: 12152 -> 9301 | Exceeding Max Length: 0
Successfully Saving to /path/to/NER/unitrans-data/xlmr_augment_v1/translation/FINAL/train.de.tsv.idx | Examples: 12152 -> 9301 | Exceeding Max Length: 0
Loading data from /path/to/NER/unitrans-data/xlmr_augment_v1/translation/LABELED_X_NER/train.de.tsv + /path/to/NER/unitrans-data/xlmr_augment_v1/train-de.tsv
ITER = 1: Cannot Loading multilingual labeled data
Changing Begin I- -> B-
Changing Begin I- -> B-
Prediction Accuracy 0.7213336614173228
Successfully Saving to /path/to/xTune/data/log/unitrans-data/train.de.tsv.log | Examples: 12152 -> 9301 | Exceeding Max Length: 0
Successfully Saving to /path/to/NER/unitrans-data/xlmr_augment_v1/translation/FINAL/train.de.tsv | Examples: 12152 -> 9301 | Exceeding Max Length: 0
Successfully Saving to /path/to/NER/unitrans-data/xlmr_augment_v1/translation/FINAL/train.de.tsv.idx | Examples: 12152 -> 9301 | Exceeding Max Length: 0
Loading data from /path/to/NER/unitrans-data/xlmr_augment_v1/translation/LABELED_X_NER/train.de.tsv + /path/to/NER/unitrans-data/xlmr_augment_v1/train-de.tsv
ITER = 1: Cannot Loading multilingual labeled data
Changing Begin I- -> B-
Changing Begin I- -> B-
Prediction Accuracy 0.7213336614173228
Successfully Saving to /path/to/xTune/data/log/unitrans-data/train.de.tsv.log | Examples: 12152 -> 9301 | Exceeding Max Length: 0
Successfully Saving to /path/to/NER/unitrans-data/xlmr_augment_v1/translation/FINAL/train.de.tsv | Examples: 12152 -> 9301 | Exceeding Max Length: 0
Successfully Saving to /path/to/NER/unitrans-data/xlmr_augment_v1/translation/FINAL/train.de.tsv.idx | Examples: 12152 -> 9301 | Exceeding Max Length: 0
Loading data from /path/to/NER/unitrans-data/xlmr_augment_v1/translation/LABELED_X_NER/train.de.tsv + /path/to/NER/unitrans-data/xlmr_augment_v1/train-de.tsv
Loading data from /path/to/NER/unitrans-data/xlmr_augment_v1/translation/LABELED_X_NER/train.de.tsv + /path/to/NER/unitrans-data/xlmr_augment_v1/train-de.tsv
ITER = 1: Cannot Loading multilingual labeled data
Changing Begin I- -> B-
Changing Begin I- -> B-
Prediction Accuracy 1.0
Successfully Saving to /path/to/xTune/data/log/unitrans-data/train.de.tsv.log | Examples: 12152 -> 6856 | Exceeding Max Length: 0
Successfully Saving to /path/to/NER/unitrans-data/xlmr_augment_v1/translation/FINAL/train.de.tsv | Examples: 12152 -> 6856 | Exceeding Max Length: 0
Successfully Saving to /path/to/NER/unitrans-data/xlmr_augment_v1/translation/FINAL/train.de.tsv.idx | Examples: 12152 -> 6856 | Exceeding Max Length: 0
Loading data from /path/to/NER/unitrans-data/xlmr_augment_v1/translation/LABELED_X_NER/train.de.tsv + /path/to/NER/unitrans-data/xlmr_augment_v1/train-de.tsv
ITER = 1: Cannot Loading multilingual labeled data
Changing Begin I- -> B-
Changing Begin I- -> B-
Prediction Accuracy 0.7096935376415723
Successfully Saving to /path/to/xTune/data/log/unitrans-data/train.de.tsv.log | Examples: 12152 -> 8453 | Exceeding Max Length: 0
Successfully Saving to /path/to/NER/unitrans-data/xlmr_augment_v1/translation/FINAL/train.de.tsv | Examples: 12152 -> 8453 | Exceeding Max Length: 0
Successfully Saving to /path/to/NER/unitrans-data/xlmr_augment_v1/translation/FINAL/train.de.tsv.idx | Examples: 12152 -> 8453 | Exceeding Max Length: 0
Loading data from /path/to/NER/unitrans-data/xlmr_augment_v1/translation/LABELED_X_NER/train.de.tsv + /path/to/NER/unitrans-data/xlmr_augment_v1/train-de.tsv
ITER = 1: Cannot Loading multilingual labeled data
Changing Begin I- -> B-
Changing Begin I- -> B-
Prediction Accuracy 0.722803464956688
Successfully Saving to /path/to/xTune/data/log/unitrans-data/train.de.tsv.log | Examples: 12152 -> 9655 | Exceeding Max Length: 0
Successfully Saving to /path/to/NER/unitrans-data/xlmr_augment_v1/translation/FINAL/train.de.tsv | Examples: 12152 -> 9655 | Exceeding Max Length: 0
Successfully Saving to /path/to/NER/unitrans-data/xlmr_augment_v1/translation/FINAL/train.de.tsv.idx | Examples: 12152 -> 9655 | Exceeding Max Length: 0
Loading data from /path/to/NER/unitrans-data/xlmr_augment_v1/translation/LABELED_X_NER/train.de.tsv + /path/to/NER/unitrans-data/xlmr_augment_v1/train-de.tsv
ITER = 1: Cannot Loading multilingual labeled data
Changing Begin I- -> B-
Changing Begin I- -> B-
Prediction Accuracy 0.7170850409836066
Successfully Saving to /path/to/xTune/data/log/unitrans-data/train.de.tsv.log | Examples: 12152 -> 9396 | Exceeding Max Length: 0
Successfully Saving to /path/to/NER/unitrans-data/xlmr_augment_v1/translation/FINAL/train.de.tsv | Examples: 12152 -> 9396 | Exceeding Max Length: 0
Successfully Saving to /path/to/NER/unitrans-data/xlmr_augment_v1/translation/FINAL/train.de.tsv.idx | Examples: 12152 -> 9396 | Exceeding Max Length: 0
Loading data from /path/to/NER/unitrans-data/xlmr_augment_v1/translation/LABELED_X_NER/train.de.tsv + /path/to/NER/unitrans-data/xlmr_augment_v1/train-de.tsv
ITER = 1: Cannot Loading multilingual labeled data
Changing Begin I- -> B-
Changing Begin I- -> B-
Prediction Accuracy 0.7218963831867058
Successfully Saving to /path/to/xTune/data/log/unitrans-data/train.de.tsv.log | Examples: 12152 -> 9310 | Exceeding Max Length: 0
Successfully Saving to /path/to/NER/unitrans-data/xlmr_augment_v1/translation/FINAL/train.de.tsv | Examples: 12152 -> 9310 | Exceeding Max Length: 0
Successfully Saving to /path/to/NER/unitrans-data/xlmr_augment_v1/translation/FINAL/train.de.tsv.idx | Examples: 12152 -> 9310 | Exceeding Max Length: 0
Loading data from /path/to/NER/unitrans-data/xlmr_augment_v1/translation/LABELED_X_NER/train.de.tsv + /path/to/NER/unitrans-data/xlmr_augment_v1/train-de.tsv
ITER = 1: Cannot Loading multilingual labeled data
Changing Begin I- -> B-
Changing Begin I- -> B-
Prediction Accuracy 0.7262719110731082
Successfully Saving to /path/to/xTune/data/log/unitrans-data/train.de.tsv.log | Examples: 12152 -> 9767 | Exceeding Max Length: 0
Successfully Saving to /path/to/NER/unitrans-data/xlmr_augment_v1/translation/FINAL/train.de.tsv | Examples: 12152 -> 9767 | Exceeding Max Length: 0
Successfully Saving to /path/to/NER/unitrans-data/xlmr_augment_v1/translation/FINAL/train.de.tsv.idx | Examples: 12152 -> 9767 | Exceeding Max Length: 0
Loading data from /path/to/NER/unitrans-data/xlmr_augment_v1//translation/LABELED_X_NER//train.de.tsv + /path/to/NER/unitrans-data/xlmr_augment_v1//train-de.tsv
ITER = 1: Cannot Loading multilingual labeled data
Changing Begin I- -> B-
Changing Begin I- -> B-
Prediction Accuracy 0.7262719110731082
Successfully Saving to /path/to/xTune/data/log//train.de.tsv.log | Examples: 12152 -> 9767 | Exceeding Max Length: 0
Successfully Saving to /path/to/NER/unitrans-data/xlmr_augment_v1//translation/FINAL//train.de.tsv | Examples: 12152 -> 9767 | Exceeding Max Length: 0
Successfully Saving to /path/to/NER/unitrans-data/xlmr_augment_v1/translation/FINAL/train.de.idx | Examples: 12152 -> 9767 | Exceeding Max Length: 0
Loading data from /path/to/NER/unitrans-data/xlmr_augment_v1//translation/LABELED_X_NER//train.es.tsv + /path/to/NER/unitrans-data/xlmr_augment_v1//train-es.tsv
ITER = 1: Cannot Loading multilingual labeled data
Changing Begin I- -> B-
Changing Begin I- -> B-
Prediction Accuracy 0.7967950574379766
Successfully Saving to /path/to/xTune/data/log//train.es.tsv.log | Examples: 8323 -> 5676 | Exceeding Max Length: 0
Successfully Saving to /path/to/NER/unitrans-data/xlmr_augment_v1//translation/FINAL//train.es.tsv | Examples: 8323 -> 5676 | Exceeding Max Length: 0
Successfully Saving to /path/to/NER/unitrans-data/xlmr_augment_v1/translation/FINAL/train.es.idx | Examples: 8323 -> 5676 | Exceeding Max Length: 0
Loading data from /path/to/NER/unitrans-data/xlmr_augment_v1//translation/LABELED_X_NER//train.nl.tsv + /path/to/NER/unitrans-data/xlmr_augment_v1//train-nl.tsv
ITER = 1: Cannot Loading multilingual labeled data
Changing Begin I- -> B-
Changing Begin I- -> B-
Prediction Accuracy 0.8707319733827861
Successfully Saving to /path/to/xTune/data/log//train.nl.tsv.log | Examples: 15806 -> 13099 | Exceeding Max Length: 0
Successfully Saving to /path/to/NER/unitrans-data/xlmr_augment_v1//translation/FINAL//train.nl.tsv | Examples: 15806 -> 13099 | Exceeding Max Length: 0
Successfully Saving to /path/to/NER/unitrans-data/xlmr_augment_v1/translation/FINAL/train.nl.idx | Examples: 15806 -> 13099 | Exceeding Max Length: 0
Loading data from /path/to/NER/unitrans-data/xlmr_augment_v1//translation/LABELED_X_NER//train.no.tsv + /path/to/NER/unitrans-data/xlmr_augment_v1//train-no.tsv
ITER = 1: Cannot Loading multilingual labeled data
Changing Begin I- -> B-
Changing Begin I- -> B-
Prediction Accuracy 0.8250215490703116
Successfully Saving to /path/to/xTune/data/log//train.no.tsv.log | Examples: 15696 -> 12389 | Exceeding Max Length: 0
Successfully Saving to /path/to/NER/unitrans-data/xlmr_augment_v1//translation/FINAL//train.no.tsv | Examples: 15696 -> 12389 | Exceeding Max Length: 0
Successfully Saving to /path/to/NER/unitrans-data/xlmr_augment_v1/translation/FINAL/train.no.idx | Examples: 15696 -> 12389 | Exceeding Max Length: 0
Loading data from /path/to/NER/unitrans-data/xlmr_augment_v1/translation/LABELED_X_NER/train.de.tsv + /path/to/NER/unitrans-data/xlmr_augment_v1/train-de.tsv
ITER > 1: Loading data from /path/to/NER/unitrans-data/xlmr_augment_v1/translation/X_NER/de/test.xlmr.tsv
Changing Begin I- -> B-
Loading data from /path/to/NER/unitrans-data/xlmr_augment_v1/translation/LABELED_X_NER/train.de.tsv + /path/to/NER/unitrans-data/xlmr_augment_v1/train-de.tsv
ITER > 1: Loading data from /path/to/NER/unitrans-data/xlmr_augment_v1/translation/X_NER/de/test.xlmr.tsv
Changing Begin I- -> B-
Changing Begin I- -> B-
Changing Begin I- -> B-
Loading data from /path/to/NER/unitrans-data/xlmr_augment_v1/translation/LABELED_X_NER/train.de.tsv + /path/to/NER/unitrans-data/xlmr_augment_v1/train-de.tsv
ITER > 1: Loading data from /path/to/NER/unitrans-data/xlmr_augment_v1/translation/X_NER/de/test.xlmr.tsv
Changing Begin I- -> B-
Changing Begin I- -> B-
Changing Begin I- -> B-
Prediction Accuracy 0.7204188481675393
Successfully Saving to /path/to/xTune/data/log/unitrans-data/train.de.tsv.log | Examples: 12152 -> 507 | Exceeding Max Length: 0
Successfully Saving to /path/to/NER/unitrans-data/xlmr_augment_v1/translation/FINAL/train.de.tsv | Examples: 12152 -> 507 | Exceeding Max Length: 0
Successfully Saving to /path/to/NER/unitrans-data/xlmr_augment_v1/translation/FINAL/train.de.tsv.idx | Examples: 12152 -> 507 | Exceeding Max Length: 0
Loading data from /path/to/NER/unitrans-data/xlmr_augment_v1/translation/LABELED_X_NER/train.de.tsv + /path/to/NER/unitrans-data/xlmr_augment_v1/train-de.tsv
ITER > 1: Loading data from /path/to/NER/unitrans-data/xlmr_augment_v1/translation/X_NER/de/test.xlmr.tsv
Changing Begin I- -> B-
Changing Begin I- -> B-
Changing Begin I- -> B-
Prediction Accuracy 0.7204188481675393
Successfully Saving to /path/to/xTune/data/log/unitrans-data/train.de.tsv.log | Examples: 12152 -> 1565 | Exceeding Max Length: 0
Successfully Saving to /path/to/NER/unitrans-data/xlmr_augment_v1/translation/FINAL/train.de.tsv | Examples: 12152 -> 1565 | Exceeding Max Length: 0
Successfully Saving to /path/to/NER/unitrans-data/xlmr_augment_v1/translation/FINAL/train.de.tsv.idx | Examples: 12152 -> 1565 | Exceeding Max Length: 0
Loading data from /path/to/NER/unitrans-data/xlmr_augment_v1//translation/LABELED_X_NER//train.de.tsv + /path/to/NER/unitrans-data/xlmr_augment_v1//train-de.tsv
ITER = 1: Cannot Loading multilingual labeled data
Changing Begin I- -> B-
Changing Begin I- -> B-
Loading data from /path/to/NER/unitrans-data/xlmr_augment_v1//translation/LABELED_X_NER//train.de.tsv + /path/to/NER/unitrans-data/xlmr_augment_v1//train-de.tsv
ITER > 1: Loading data from /path/to/NER/unitrans-data/xlmr_augment_v1//translation/X_NER//de/test.xlmr.tsv
Changing Begin I- -> B-
Changing Begin I- -> B-
Changing Begin I- -> B-
Prediction Accuracy 0.7204188481675393
Successfully Saving to /path/to/xTune/data/log//train.de.tsv.log | Examples: 12152 -> 1565 | Exceeding Max Length: 0
Successfully Saving to /path/to/NER/unitrans-data/xlmr_augment_v1//translation/FINAL//train.de.tsv | Examples: 12152 -> 1565 | Exceeding Max Length: 0
Successfully Saving to /path/to/NER/unitrans-data/xlmr_augment_v1/translation/FINAL/train.de.idx | Examples: 12152 -> 1565 | Exceeding Max Length: 0
Loading data from /path/to/NER/unitrans-data/xlmr_augment_v1//translation/LABELED_X_NER//train.es.tsv + /path/to/NER/unitrans-data/xlmr_augment_v1//train-es.tsv
ITER > 1: Loading data from /path/to/NER/unitrans-data/xlmr_augment_v1//translation/X_NER//es/test.xlmr.tsv
Changing Begin I- -> B-
Changing Begin I- -> B-
Changing Begin I- -> B-
Prediction Accuracy 0.7905138339920948
Successfully Saving to /path/to/xTune/data/log//train.es.tsv.log | Examples: 8323 -> 1350 | Exceeding Max Length: 0
Successfully Saving to /path/to/NER/unitrans-data/xlmr_augment_v1//translation/FINAL//train.es.tsv | Examples: 8323 -> 1350 | Exceeding Max Length: 0
Successfully Saving to /path/to/NER/unitrans-data/xlmr_augment_v1/translation/FINAL/train.es.idx | Examples: 8323 -> 1350 | Exceeding Max Length: 0
Loading data from /path/to/NER/unitrans-data/xlmr_augment_v1//translation/LABELED_X_NER//train.nl.tsv + /path/to/NER/unitrans-data/xlmr_augment_v1//train-nl.tsv
ITER > 1: Loading data from /path/to/NER/unitrans-data/xlmr_augment_v1//translation/X_NER//nl/test.xlmr.tsv
Changing Begin I- -> B-
Changing Begin I- -> B-
Changing Begin I- -> B-
Prediction Accuracy 0.8501160092807425
Successfully Saving to /path/to/xTune/data/log//train.nl.tsv.log | Examples: 15806 -> 4287 | Exceeding Max Length: 0
Successfully Saving to /path/to/NER/unitrans-data/xlmr_augment_v1//translation/FINAL//train.nl.tsv | Examples: 15806 -> 4287 | Exceeding Max Length: 0
Successfully Saving to /path/to/NER/unitrans-data/xlmr_augment_v1/translation/FINAL/train.nl.idx | Examples: 15806 -> 4287 | Exceeding Max Length: 0
Loading data from /path/to/NER/unitrans-data/xlmr_augment_v1//translation/LABELED_X_NER//train.no.tsv + /path/to/NER/unitrans-data/xlmr_augment_v1//train-no.tsv
ITER > 1: Loading data from /path/to/NER/unitrans-data/xlmr_augment_v1//translation/X_NER//no/test.xlmr.tsv
Changing Begin I- -> B-
Changing Begin I- -> B-
Changing Begin I- -> B-
Prediction Accuracy 0.879347054648687
Successfully Saving to /path/to/xTune/data/log//train.no.tsv.log | Examples: 15696 -> 2556 | Exceeding Max Length: 0
Successfully Saving to /path/to/NER/unitrans-data/xlmr_augment_v1//translation/FINAL//train.no.tsv | Examples: 15696 -> 2556 | Exceeding Max Length: 0
Successfully Saving to /path/to/NER/unitrans-data/xlmr_augment_v1/translation/FINAL/train.no.idx | Examples: 15696 -> 2556 | Exceeding Max Length: 0
Loading data from /path/to/NER/unitrans-data/xlmr_augment_v1//translation/LABELED_X_NER//train.de.tsv + /path/to/NER/unitrans-data/xlmr_augment_v1//train-de.tsv
ITER > 1: Loading data from /path/to/NER/unitrans-data/xlmr_augment_v1//translation/X_NER//de/test.xlmr.tsv
Changing Begin I- -> B-
Changing Begin I- -> B-
Changing Begin I- -> B-
Prediction Accuracy 0.7204188481675393
Successfully Saving to /path/to/xTune/data/log//train.de.tsv.log | Examples: 12152 -> 507 | Exceeding Max Length: 0
Successfully Saving to /path/to/NER/unitrans-data/xlmr_augment_v1//translation/FINAL//train.de.tsv | Examples: 12152 -> 507 | Exceeding Max Length: 0
Successfully Saving to /path/to/NER/unitrans-data/xlmr_augment_v1/translation/FINAL/train.de.idx | Examples: 12152 -> 507 | Exceeding Max Length: 0
Loading data from /path/to/NER/unitrans-data/xlmr_augment_v1//translation/LABELED_X_NER//train.es.tsv + /path/to/NER/unitrans-data/xlmr_augment_v1//train-es.tsv
ITER > 1: Loading data from /path/to/NER/unitrans-data/xlmr_augment_v1//translation/X_NER//es/test.xlmr.tsv
Changing Begin I- -> B-
Changing Begin I- -> B-
Changing Begin I- -> B-
Prediction Accuracy 0.8223140495867769
Successfully Saving to /path/to/xTune/data/log//train.es.tsv.log | Examples: 8323 -> 160 | Exceeding Max Length: 0
Successfully Saving to /path/to/NER/unitrans-data/xlmr_augment_v1//translation/FINAL//train.es.tsv | Examples: 8323 -> 160 | Exceeding Max Length: 0
Successfully Saving to /path/to/NER/unitrans-data/xlmr_augment_v1/translation/FINAL/train.es.idx | Examples: 8323 -> 160 | Exceeding Max Length: 0
Loading data from /path/to/NER/unitrans-data/xlmr_augment_v1//translation/LABELED_X_NER//train.nl.tsv + /path/to/NER/unitrans-data/xlmr_augment_v1//train-nl.tsv
ITER > 1: Loading data from /path/to/NER/unitrans-data/xlmr_augment_v1//translation/X_NER//nl/test.xlmr.tsv
Changing Begin I- -> B-
Changing Begin I- -> B-
Changing Begin I- -> B-
Prediction Accuracy 0.8501160092807425
Successfully Saving to /path/to/xTune/data/log//train.nl.tsv.log | Examples: 15806 -> 1017 | Exceeding Max Length: 0
Successfully Saving to /path/to/NER/unitrans-data/xlmr_augment_v1//translation/FINAL//train.nl.tsv | Examples: 15806 -> 1017 | Exceeding Max Length: 0
Successfully Saving to /path/to/NER/unitrans-data/xlmr_augment_v1/translation/FINAL/train.nl.idx | Examples: 15806 -> 1017 | Exceeding Max Length: 0
Loading data from /path/to/NER/unitrans-data/xlmr_augment_v1//translation/LABELED_X_NER//train.no.tsv + /path/to/NER/unitrans-data/xlmr_augment_v1//train-no.tsv
ITER > 1: Loading data from /path/to/NER/unitrans-data/xlmr_augment_v1//translation/X_NER//no/test.xlmr.tsv
Changing Begin I- -> B-
Changing Begin I- -> B-
Changing Begin I- -> B-
Prediction Accuracy 0.8479643765903307
Successfully Saving to /path/to/xTune/data/log//train.no.tsv.log | Examples: 15696 -> 813 | Exceeding Max Length: 0
Successfully Saving to /path/to/NER/unitrans-data/xlmr_augment_v1//translation/FINAL//train.no.tsv | Examples: 15696 -> 813 | Exceeding Max Length: 0
Successfully Saving to /path/to/NER/unitrans-data/xlmr_augment_v1/translation/FINAL/train.no.idx | Examples: 15696 -> 813 | Exceeding Max Length: 0
Loading data from /path/to/NER/unitrans-data/xlmr_augment_v1//translation/LABELED_X_NER//train.de.tsv + /path/to/NER/unitrans-data/xlmr_augment_v1//train-de.tsv
ITER > 1: Loading data from /path/to/NER/unitrans-data/xlmr_augment_v1//translation/X_NER//de/test.xlmr.tsv
Changing Begin I- -> B-
Changing Begin I- -> B-
Changing Begin I- -> B-
Prediction Accuracy 0.7470997679814385
Successfully Saving to /path/to/xTune/data/log//train.de.tsv.log | Examples: 12152 -> 447 | Exceeding Max Length: 0
Successfully Saving to /path/to/NER/unitrans-data/xlmr_augment_v1//translation/FINAL//train.de.tsv | Examples: 12152 -> 447 | Exceeding Max Length: 0
Successfully Saving to /path/to/NER/unitrans-data/xlmr_augment_v1/translation/FINAL/train.de.idx | Examples: 12152 -> 447 | Exceeding Max Length: 0
Loading data from /path/to/NER/unitrans-data/xlmr_augment_v1//translation/LABELED_X_NER//train.es.tsv + /path/to/NER/unitrans-data/xlmr_augment_v1//train-es.tsv
ITER > 1: Loading data from /path/to/NER/unitrans-data/xlmr_augment_v1//translation/X_NER//es/test.xlmr.tsv
Changing Begin I- -> B-
Changing Begin I- -> B-
Changing Begin I- -> B-
Prediction Accuracy 0.8223140495867769
Successfully Saving to /path/to/xTune/data/log//train.es.tsv.log | Examples: 8323 -> 160 | Exceeding Max Length: 0
Successfully Saving to /path/to/NER/unitrans-data/xlmr_augment_v1//translation/FINAL//train.es.tsv | Examples: 8323 -> 160 | Exceeding Max Length: 0
Successfully Saving to /path/to/NER/unitrans-data/xlmr_augment_v1/translation/FINAL/train.es.idx | Examples: 8323 -> 160 | Exceeding Max Length: 0
Loading data from /path/to/NER/unitrans-data/xlmr_augment_v1//translation/LABELED_X_NER//train.nl.tsv + /path/to/NER/unitrans-data/xlmr_augment_v1//train-nl.tsv
ITER > 1: Loading data from /path/to/NER/unitrans-data/xlmr_augment_v1//translation/X_NER//nl/test.xlmr.tsv
Changing Begin I- -> B-
Changing Begin I- -> B-
Changing Begin I- -> B-
Prediction Accuracy 0.8504168710152036
Successfully Saving to /path/to/xTune/data/log//train.nl.tsv.log | Examples: 15806 -> 972 | Exceeding Max Length: 0
Successfully Saving to /path/to/NER/unitrans-data/xlmr_augment_v1//translation/FINAL//train.nl.tsv | Examples: 15806 -> 972 | Exceeding Max Length: 0
Successfully Saving to /path/to/NER/unitrans-data/xlmr_augment_v1/translation/FINAL/train.nl.idx | Examples: 15806 -> 972 | Exceeding Max Length: 0
Loading data from /path/to/NER/unitrans-data/xlmr_augment_v1//translation/LABELED_X_NER//train.no.tsv + /path/to/NER/unitrans-data/xlmr_augment_v1//train-no.tsv
ITER > 1: Loading data from /path/to/NER/unitrans-data/xlmr_augment_v1//translation/X_NER//no/test.xlmr.tsv
Changing Begin I- -> B-
Changing Begin I- -> B-
Changing Begin I- -> B-
Prediction Accuracy 0.8479643765903307
Successfully Saving to /path/to/xTune/data/log//train.no.tsv.log | Examples: 15696 -> 813 | Exceeding Max Length: 0
Successfully Saving to /path/to/NER/unitrans-data/xlmr_augment_v1//translation/FINAL//train.no.tsv | Examples: 15696 -> 813 | Exceeding Max Length: 0
Successfully Saving to /path/to/NER/unitrans-data/xlmr_augment_v1/translation/FINAL/train.no.idx | Examples: 15696 -> 813 | Exceeding Max Length: 0
Loading data from /path/to/NER/unitrans-data/xlmr_augment_v1//translation/LABELED_X_NER//train.de.tsv + /path/to/NER/unitrans-data/xlmr_augment_v1//train-de.tsv
ITER > 1: Loading data from /path/to/NER/unitrans-data/xlmr_augment_v1//translation/X_NER//de/test.xlmr.tsv
Changing Begin I- -> B-
Changing Begin I- -> B-
Changing Begin I- -> B-
Prediction Accuracy 0.7470997679814385
Successfully Saving to /path/to/xTune/data/log//train.de.tsv.log | Examples: 12152 -> 1553 | Exceeding Max Length: 0
Successfully Saving to /path/to/NER/unitrans-data/xlmr_augment_v1//translation/FINAL//train.de.tsv | Examples: 12152 -> 1553 | Exceeding Max Length: 0
Successfully Saving to /path/to/NER/unitrans-data/xlmr_augment_v1/translation/FINAL/train.de.idx | Examples: 12152 -> 1553 | Exceeding Max Length: 0
Loading data from /path/to/NER/unitrans-data/xlmr_augment_v1//translation/LABELED_X_NER//train.es.tsv + /path/to/NER/unitrans-data/xlmr_augment_v1//train-es.tsv
ITER > 1: Loading data from /path/to/NER/unitrans-data/xlmr_augment_v1//translation/X_NER//es/test.xlmr.tsv
Changing Begin I- -> B-
Changing Begin I- -> B-
Changing Begin I- -> B-
Prediction Accuracy 0.8223140495867769
Successfully Saving to /path/to/xTune/data/log//train.es.tsv.log | Examples: 8323 -> 1356 | Exceeding Max Length: 0
Successfully Saving to /path/to/NER/unitrans-data/xlmr_augment_v1//translation/FINAL//train.es.tsv | Examples: 8323 -> 1356 | Exceeding Max Length: 0
Successfully Saving to /path/to/NER/unitrans-data/xlmr_augment_v1/translation/FINAL/train.es.idx | Examples: 8323 -> 1356 | Exceeding Max Length: 0
Loading data from /path/to/NER/unitrans-data/xlmr_augment_v1//translation/LABELED_X_NER//train.nl.tsv + /path/to/NER/unitrans-data/xlmr_augment_v1//train-nl.tsv
ITER > 1: Loading data from /path/to/NER/unitrans-data/xlmr_augment_v1//translation/X_NER//nl/test.xlmr.tsv
Changing Begin I- -> B-
Changing Begin I- -> B-
Changing Begin I- -> B-
Prediction Accuracy 0.8504168710152036
Successfully Saving to /path/to/xTune/data/log//train.nl.tsv.log | Examples: 15806 -> 4318 | Exceeding Max Length: 0
Successfully Saving to /path/to/NER/unitrans-data/xlmr_augment_v1//translation/FINAL//train.nl.tsv | Examples: 15806 -> 4318 | Exceeding Max Length: 0
Successfully Saving to /path/to/NER/unitrans-data/xlmr_augment_v1/translation/FINAL/train.nl.idx | Examples: 15806 -> 4318 | Exceeding Max Length: 0
Loading data from /path/to/NER/unitrans-data/xlmr_augment_v1//translation/LABELED_X_NER//train.no.tsv + /path/to/NER/unitrans-data/xlmr_augment_v1//train-no.tsv
ITER > 1: Loading data from /path/to/NER/unitrans-data/xlmr_augment_v1//translation/X_NER//no/test.xlmr.tsv
Changing Begin I- -> B-
Changing Begin I- -> B-
Changing Begin I- -> B-
Prediction Accuracy 0.8479643765903307
Successfully Saving to /path/to/xTune/data/log//train.no.tsv.log | Examples: 15696 -> 3002 | Exceeding Max Length: 0
Successfully Saving to /path/to/NER/unitrans-data/xlmr_augment_v1//translation/FINAL//train.no.tsv | Examples: 15696 -> 3002 | Exceeding Max Length: 0
Successfully Saving to /path/to/NER/unitrans-data/xlmr_augment_v1/translation/FINAL/train.no.idx | Examples: 15696 -> 3002 | Exceeding Max Length: 0
Loading data from /path/to/NER/unitrans-data/xlmr_augment_v1//translation/LABELED_X_NER//train.de.tsv + /path/to/NER/unitrans-data/xlmr_augment_v1//train-de.tsv
ITER > 1: Loading data from /path/to/NER/unitrans-data/xlmr_augment_v1//translation/X_NER//de/test.xlmr.tsv
Changing Begin I- -> B-
Changing Begin I- -> B-
Changing Begin I- -> B-
Prediction Accuracy 0.7470997679814385
Successfully Saving to /path/to/xTune/data/log//train.de.tsv.log | Examples: 12152 -> 1553 | Exceeding Max Length: 0
Successfully Saving to /path/to/NER/unitrans-data/xlmr_augment_v1//translation/FINAL//train.de.tsv | Examples: 12152 -> 1553 | Exceeding Max Length: 0
Successfully Saving to /path/to/NER/unitrans-data/xlmr_augment_v1/translation/FINAL/train.de.idx | Examples: 12152 -> 1553 | Exceeding Max Length: 0
Loading data from /path/to/NER/unitrans-data/xlmr_augment_v1//translation/LABELED_X_NER//train.es.tsv + /path/to/NER/unitrans-data/xlmr_augment_v1//train-es.tsv
ITER > 1: Loading data from /path/to/NER/unitrans-data/xlmr_augment_v1//translation/X_NER//es/test.xlmr.tsv
Changing Begin I- -> B-
Changing Begin I- -> B-
Changing Begin I- -> B-
Prediction Accuracy 0.8223140495867769
Successfully Saving to /path/to/xTune/data/log//train.es.tsv.log | Examples: 8323 -> 1356 | Exceeding Max Length: 0
Successfully Saving to /path/to/NER/unitrans-data/xlmr_augment_v1//translation/FINAL//train.es.tsv | Examples: 8323 -> 1356 | Exceeding Max Length: 0
Successfully Saving to /path/to/NER/unitrans-data/xlmr_augment_v1/translation/FINAL/train.es.idx | Examples: 8323 -> 1356 | Exceeding Max Length: 0
Loading data from /path/to/NER/unitrans-data/xlmr_augment_v1//translation/LABELED_X_NER//train.nl.tsv + /path/to/NER/unitrans-data/xlmr_augment_v1//train-nl.tsv
ITER > 1: Loading data from /path/to/NER/unitrans-data/xlmr_augment_v1//translation/X_NER//nl/test.xlmr.tsv
Changing Begin I- -> B-
Changing Begin I- -> B-
Changing Begin I- -> B-
Prediction Accuracy 0.8504168710152036
Successfully Saving to /path/to/xTune/data/log//train.nl.tsv.log | Examples: 15806 -> 4318 | Exceeding Max Length: 0
Successfully Saving to /path/to/NER/unitrans-data/xlmr_augment_v1//translation/FINAL//train.nl.tsv | Examples: 15806 -> 4318 | Exceeding Max Length: 0
Successfully Saving to /path/to/NER/unitrans-data/xlmr_augment_v1/translation/FINAL/train.nl.idx | Examples: 15806 -> 4318 | Exceeding Max Length: 0
Loading data from /path/to/NER/unitrans-data/xlmr_augment_v1//translation/LABELED_X_NER//train.no.tsv + /path/to/NER/unitrans-data/xlmr_augment_v1//train-no.tsv
ITER > 1: Loading data from /path/to/NER/unitrans-data/xlmr_augment_v1//translation/X_NER//no/test.xlmr.tsv
Changing Begin I- -> B-
Changing Begin I- -> B-
Changing Begin I- -> B-
Prediction Accuracy 0.8479643765903307
Successfully Saving to /path/to/xTune/data/log//train.no.tsv.log | Examples: 15696 -> 3002 | Exceeding Max Length: 0
Successfully Saving to /path/to/NER/unitrans-data/xlmr_augment_v1//translation/FINAL//train.no.tsv | Examples: 15696 -> 3002 | Exceeding Max Length: 0
Successfully Saving to /path/to/NER/unitrans-data/xlmr_augment_v1/translation/FINAL/train.no.idx | Examples: 15696 -> 3002 | Exceeding Max Length: 0
Loading data from /path/to/NER/unitrans-data/xlmr_augment_v1//translation/LABELED_X_NER//train.de.tsv + /path/to/NER/unitrans-data/xlmr_augment_v1//train-de.tsv
ITER > 1: Loading data from /path/to/NER/unitrans-data/xlmr_augment_v1//translation/X_NER//de/test.xlmr.tsv
Changing Begin I- -> B-
Changing Begin I- -> B-
Changing Begin I- -> B-
Prediction Accuracy 0.7211787006720661
Successfully Saving to /path/to/xTune/data/log//train.de.tsv.log | Examples: 12152 -> 10636 | Exceeding Max Length: 0
Successfully Saving to /path/to/NER/unitrans-data/xlmr_augment_v1//translation/FINAL//train.de.tsv | Examples: 12152 -> 10636 | Exceeding Max Length: 0
Successfully Saving to /path/to/NER/unitrans-data/xlmr_augment_v1/translation/FINAL/train.de.idx | Examples: 12152 -> 10636 | Exceeding Max Length: 0
Loading data from /path/to/NER/unitrans-data/xlmr_augment_v1//translation/LABELED_X_NER//train.es.tsv + /path/to/NER/unitrans-data/xlmr_augment_v1//train-es.tsv
ITER > 1: Loading data from /path/to/NER/unitrans-data/xlmr_augment_v1//translation/X_NER//es/test.xlmr.tsv
Changing Begin I- -> B-
Changing Begin I- -> B-
Changing Begin I- -> B-
Prediction Accuracy 0.8007205425261373
Successfully Saving to /path/to/xTune/data/log//train.es.tsv.log | Examples: 8323 -> 6272 | Exceeding Max Length: 0
Successfully Saving to /path/to/NER/unitrans-data/xlmr_augment_v1//translation/FINAL//train.es.tsv | Examples: 8323 -> 6272 | Exceeding Max Length: 0
Successfully Saving to /path/to/NER/unitrans-data/xlmr_augment_v1/translation/FINAL/train.es.idx | Examples: 8323 -> 6272 | Exceeding Max Length: 0
Loading data from /path/to/NER/unitrans-data/xlmr_augment_v1//translation/LABELED_X_NER//train.nl.tsv + /path/to/NER/unitrans-data/xlmr_augment_v1//train-nl.tsv
ITER > 1: Loading data from /path/to/NER/unitrans-data/xlmr_augment_v1//translation/X_NER//nl/test.xlmr.tsv
Changing Begin I- -> B-
Changing Begin I- -> B-
Changing Begin I- -> B-
Prediction Accuracy 0.8560746019178324
Successfully Saving to /path/to/xTune/data/log//train.nl.tsv.log | Examples: 15806 -> 13858 | Exceeding Max Length: 0
Successfully Saving to /path/to/NER/unitrans-data/xlmr_augment_v1//translation/FINAL//train.nl.tsv | Examples: 15806 -> 13858 | Exceeding Max Length: 0
Successfully Saving to /path/to/NER/unitrans-data/xlmr_augment_v1/translation/FINAL/train.nl.idx | Examples: 15806 -> 13858 | Exceeding Max Length: 0
Loading data from /path/to/NER/unitrans-data/xlmr_augment_v1//translation/LABELED_X_NER//train.no.tsv + /path/to/NER/unitrans-data/xlmr_augment_v1//train-no.tsv
ITER > 1: Loading data from /path/to/NER/unitrans-data/xlmr_augment_v1//translation/X_NER//no/test.xlmr.tsv
Changing Begin I- -> B-
Changing Begin I- -> B-
Changing Begin I- -> B-
Prediction Accuracy 0.7923976608187134
Successfully Saving to /path/to/xTune/data/log//train.no.tsv.log | Examples: 15696 -> 13287 | Exceeding Max Length: 0
Successfully Saving to /path/to/NER/unitrans-data/xlmr_augment_v1//translation/FINAL//train.no.tsv | Examples: 15696 -> 13287 | Exceeding Max Length: 0
Successfully Saving to /path/to/NER/unitrans-data/xlmr_augment_v1/translation/FINAL/train.no.idx | Examples: 15696 -> 13287 | Exceeding Max Length: 0
Loading data from /path/to/NER/unitrans-data/xlmr_augment_v1//translation/LABELED_X_NER//train.de.tsv + /path/to/NER/unitrans-data/xlmr_augment_v1//train-de.tsv
ITER > 1: Loading data from /path/to/NER/unitrans-data/xlmr_augment_v1//translation/X_NER//de/test.xlmr.tsv
Changing Begin I- -> B-
Changing Begin I- -> B-
Changing Begin I- -> B-
Prediction Accuracy 0.7211787006720661
Successfully Saving to /path/to/xTune/data/log//train.de.tsv.log | Examples: 12152 -> 9745 | Exceeding Max Length: 0
Successfully Saving to /path/to/NER/unitrans-data/xlmr_augment_v1//translation/FINAL//train.de.tsv | Examples: 12152 -> 9745 | Exceeding Max Length: 0
Successfully Saving to /path/to/NER/unitrans-data/xlmr_augment_v1/translation/FINAL/train.de.idx | Examples: 12152 -> 9745 | Exceeding Max Length: 0
Loading data from /path/to/NER/unitrans-data/xlmr_augment_v1//translation/LABELED_X_NER//train.es.tsv + /path/to/NER/unitrans-data/xlmr_augment_v1//train-es.tsv
ITER > 1: Loading data from /path/to/NER/unitrans-data/xlmr_augment_v1//translation/X_NER//es/test.xlmr.tsv
Changing Begin I- -> B-
Changing Begin I- -> B-
Changing Begin I- -> B-
Prediction Accuracy 0.8007205425261373
Successfully Saving to /path/to/xTune/data/log//train.es.tsv.log | Examples: 8323 -> 6164 | Exceeding Max Length: 0
Successfully Saving to /path/to/NER/unitrans-data/xlmr_augment_v1//translation/FINAL//train.es.tsv | Examples: 8323 -> 6164 | Exceeding Max Length: 0
Successfully Saving to /path/to/NER/unitrans-data/xlmr_augment_v1/translation/FINAL/train.es.idx | Examples: 8323 -> 6164 | Exceeding Max Length: 0
Loading data from /path/to/NER/unitrans-data/xlmr_augment_v1//translation/LABELED_X_NER//train.nl.tsv + /path/to/NER/unitrans-data/xlmr_augment_v1//train-nl.tsv
ITER > 1: Loading data from /path/to/NER/unitrans-data/xlmr_augment_v1//translation/X_NER//nl/test.xlmr.tsv
Changing Begin I- -> B-
Changing Begin I- -> B-
Changing Begin I- -> B-
Prediction Accuracy 0.8560746019178324
Successfully Saving to /path/to/xTune/data/log//train.nl.tsv.log | Examples: 15806 -> 13159 | Exceeding Max Length: 0
Successfully Saving to /path/to/NER/unitrans-data/xlmr_augment_v1//translation/FINAL//train.nl.tsv | Examples: 15806 -> 13159 | Exceeding Max Length: 0
Successfully Saving to /path/to/NER/unitrans-data/xlmr_augment_v1/translation/FINAL/train.nl.idx | Examples: 15806 -> 13159 | Exceeding Max Length: 0
Loading data from /path/to/NER/unitrans-data/xlmr_augment_v1//translation/LABELED_X_NER//train.no.tsv + /path/to/NER/unitrans-data/xlmr_augment_v1//train-no.tsv
ITER > 1: Loading data from /path/to/NER/unitrans-data/xlmr_augment_v1//translation/X_NER//no/test.xlmr.tsv
Changing Begin I- -> B-
Changing Begin I- -> B-
Changing Begin I- -> B-
Prediction Accuracy 0.7923976608187134
Successfully Saving to /path/to/xTune/data/log//train.no.tsv.log | Examples: 15696 -> 12844 | Exceeding Max Length: 0
Successfully Saving to /path/to/NER/unitrans-data/xlmr_augment_v1//translation/FINAL//train.no.tsv | Examples: 15696 -> 12844 | Exceeding Max Length: 0
Successfully Saving to /path/to/NER/unitrans-data/xlmr_augment_v1/translation/FINAL/train.no.idx | Examples: 15696 -> 12844 | Exceeding Max Length: 0
Loading data from /path/to/NER/unitrans-data/xlmr_augment_v1//translation/LABELED_X_NER//train.de.tsv + /path/to/NER/unitrans-data/xlmr_augment_v1//train-de.tsv
ITER > 1: Loading data from /path/to/NER/unitrans-data/xlmr_augment_v1//translation/X_NER//de/test.xlmr.tsv
Changing Begin I- -> B-
Changing Begin I- -> B-
Changing Begin I- -> B-
Prediction Accuracy 1.0
Successfully Saving to /path/to/xTune/data/log//train.de.tsv.log | Examples: 12152 -> 6857 | Exceeding Max Length: 0
Successfully Saving to /path/to/NER/unitrans-data/xlmr_augment_v1//translation/FINAL//train.de.tsv | Examples: 12152 -> 6857 | Exceeding Max Length: 0
Successfully Saving to /path/to/NER/unitrans-data/xlmr_augment_v1/translation/FINAL/train.de.idx | Examples: 12152 -> 6857 | Exceeding Max Length: 0
Loading data from /path/to/NER/unitrans-data/xlmr_augment_v1//translation/LABELED_X_NER//train.es.tsv + /path/to/NER/unitrans-data/xlmr_augment_v1//train-es.tsv
ITER > 1: Loading data from /path/to/NER/unitrans-data/xlmr_augment_v1//translation/X_NER//es/test.xlmr.tsv
Changing Begin I- -> B-
Changing Begin I- -> B-
Changing Begin I- -> B-
Prediction Accuracy 1.0
Successfully Saving to /path/to/xTune/data/log//train.es.tsv.log | Examples: 8323 -> 4007 | Exceeding Max Length: 0
Successfully Saving to /path/to/NER/unitrans-data/xlmr_augment_v1//translation/FINAL//train.es.tsv | Examples: 8323 -> 4007 | Exceeding Max Length: 0
Successfully Saving to /path/to/NER/unitrans-data/xlmr_augment_v1/translation/FINAL/train.es.idx | Examples: 8323 -> 4007 | Exceeding Max Length: 0
Loading data from /path/to/NER/unitrans-data/xlmr_augment_v1//translation/LABELED_X_NER//train.nl.tsv + /path/to/NER/unitrans-data/xlmr_augment_v1//train-nl.tsv
ITER > 1: Loading data from /path/to/NER/unitrans-data/xlmr_augment_v1//translation/X_NER//nl/test.xlmr.tsv
Changing Begin I- -> B-
Changing Begin I- -> B-
Changing Begin I- -> B-
Prediction Accuracy 1.0
Successfully Saving to /path/to/xTune/data/log//train.nl.tsv.log | Examples: 15806 -> 11600 | Exceeding Max Length: 0
Successfully Saving to /path/to/NER/unitrans-data/xlmr_augment_v1//translation/FINAL//train.nl.tsv | Examples: 15806 -> 11600 | Exceeding Max Length: 0
Successfully Saving to /path/to/NER/unitrans-data/xlmr_augment_v1/translation/FINAL/train.nl.idx | Examples: 15806 -> 11600 | Exceeding Max Length: 0
Loading data from /path/to/NER/unitrans-data/xlmr_augment_v1//translation/LABELED_X_NER//train.no.tsv + /path/to/NER/unitrans-data/xlmr_augment_v1//train-no.tsv
ITER > 1: Loading data from /path/to/NER/unitrans-data/xlmr_augment_v1//translation/X_NER//no/test.xlmr.tsv
Changing Begin I- -> B-
Changing Begin I- -> B-
Changing Begin I- -> B-
Prediction Accuracy 1.0
Successfully Saving to /path/to/xTune/data/log//train.no.tsv.log | Examples: 15696 -> 10761 | Exceeding Max Length: 0
Successfully Saving to /path/to/NER/unitrans-data/xlmr_augment_v1//translation/FINAL//train.no.tsv | Examples: 15696 -> 10761 | Exceeding Max Length: 0
Successfully Saving to /path/to/NER/unitrans-data/xlmr_augment_v1/translation/FINAL/train.no.idx | Examples: 15696 -> 10761 | Exceeding Max Length: 0
Loading data from /path/to/NER/unitrans-data/xlmr_augment_v1/translation/LABELED_X_NER/train.de.tsv + /path/to/NER/unitrans-data/xlmr_augment_v1/train-de.tsv
ITER > 1: Loading data from /path/to/NER/unitrans-data/xlmr_augment_v1/translation/X_NER/de/test.xlmr.tsv
Changing Begin I- -> B-
Changing Begin I- -> B-
Changing Begin I- -> B-
Prediction Accuracy 0.7211787006720661
Successfully Saving to /path/to/xTune/data/log/unitrans-data/train.de.tsv.log | Examples: 12152 -> 9745 | Exceeding Max Length: 0
Successfully Saving to /path/to/NER/unitrans-data/xlmr_augment_v1/translation/FINAL/train.de.tsv | Examples: 12152 -> 9745 | Exceeding Max Length: 0
Successfully Saving to /path/to/NER/unitrans-data/xlmr_augment_v1/translation/FINAL/train.de.tsv.idx | Examples: 12152 -> 9745 | Exceeding Max Length: 0
Loading data from /path/to/NER/unitrans-data/xlmr_augment_v1/translation/LABELED_X_NER/train.de.tsv + /path/to/NER/unitrans-data/xlmr_augment_v1/train-de.tsv
ITER > 1: Loading data from /path/to/NER/unitrans-data/xlmr_augment_v1/translation/X_NER/de/test.xlmr.tsv
Changing Begin I- -> B-
Changing Begin I- -> B-
Changing Begin I- -> B-
Prediction Accuracy 0.7470997679814385
Successfully Saving to /path/to/xTune/data/log/unitrans-data/train.de.tsv.log | Examples: 12152 -> 1553 | Exceeding Max Length: 0
Successfully Saving to /path/to/NER/unitrans-data/xlmr_augment_v1/translation/FINAL/train.de.tsv | Examples: 12152 -> 1553 | Exceeding Max Length: 0
Successfully Saving to /path/to/NER/unitrans-data/xlmr_augment_v1/translation/FINAL/train.de.tsv.idx | Examples: 12152 -> 1553 | Exceeding Max Length: 0
Loading data from /path/to/NER/unitrans-data/xlmr_augment_v1/translation/LABELED_X_NER/train.de.tsv + /path/to/NER/unitrans-data/xlmr_augment_v1/train-de.tsv
ITER > 1: Loading data from /path/to/NER/unitrans-data/xlmr_augment_v1/translation/X_NER/de/test.xlmr.tsv
Changing Begin I- -> B-
Changing Begin I- -> B-
Changing Begin I- -> B-
Prediction Accuracy 0.7437219730941704
Successfully Saving to /path/to/xTune/data/log/unitrans-data/train.de.tsv.log | Examples: 12152 -> 8592 | Exceeding Max Length: 0
Successfully Saving to /path/to/NER/unitrans-data/xlmr_augment_v1/translation/FINAL/train.de.tsv | Examples: 12152 -> 8592 | Exceeding Max Length: 0
Successfully Saving to /path/to/NER/unitrans-data/xlmr_augment_v1/translation/FINAL/train.de.tsv.idx | Examples: 12152 -> 8592 | Exceeding Max Length: 0
Loading data from /path/to/NER/unitrans-data/xlmr_augment_v1/translation/LABELED_X_NER/train.de.tsv + /path/to/NER/unitrans-data/xlmr_augment_v1/train-de.tsv
ITER > 1: Loading data from /path/to/NER/unitrans-data/xlmr_augment_v1/translation/X_NER/de/test.xlmr.tsv
Changing Begin I- -> B-
Changing Begin I- -> B-
Changing Begin I- -> B-
Prediction Accuracy 0.765745501285347
Successfully Saving to /path/to/xTune/data/log/unitrans-data/train.de.tsv.log | Examples: 12152 -> 7504 | Exceeding Max Length: 0
Successfully Saving to /path/to/NER/unitrans-data/xlmr_augment_v1/translation/FINAL/train.de.tsv | Examples: 12152 -> 7504 | Exceeding Max Length: 0
Successfully Saving to /path/to/NER/unitrans-data/xlmr_augment_v1/translation/FINAL/train.de.tsv.idx | Examples: 12152 -> 7504 | Exceeding Max Length: 0
Loading data from /path/to/NER/unitrans-data/xlmr_augment_v1//translation/LABELED_X_NER//train.de.tsv + /path/to/NER/unitrans-data/xlmr_augment_v1//train-de.tsv
ITER > 1: Loading data from /path/to/NER/unitrans-data/xlmr_augment_v1//translation/X_NER//de/test.xlmr.tsv
Changing Begin I- -> B-
Changing Begin I- -> B-
Changing Begin I- -> B-
Prediction Accuracy 0.765745501285347
Successfully Saving to /path/to/xTune/data/log//train.de.tsv.log | Examples: 12152 -> 7504 | Exceeding Max Length: 0
Successfully Saving to /path/to/NER/unitrans-data/xlmr_augment_v1//translation/FINAL//train.de.tsv | Examples: 12152 -> 7504 | Exceeding Max Length: 0
Successfully Saving to /path/to/NER/unitrans-data/xlmr_augment_v1/translation/FINAL/train.de.idx | Examples: 12152 -> 7504 | Exceeding Max Length: 0
Loading data from /path/to/NER/unitrans-data/xlmr_augment_v1//translation/LABELED_X_NER//train.es.tsv + /path/to/NER/unitrans-data/xlmr_augment_v1//train-es.tsv
ITER > 1: Loading data from /path/to/NER/unitrans-data/xlmr_augment_v1//translation/X_NER//es/test.xlmr.tsv
Changing Begin I- -> B-
Changing Begin I- -> B-
Changing Begin I- -> B-
Prediction Accuracy 0.845350052246604
Successfully Saving to /path/to/xTune/data/log//train.es.tsv.log | Examples: 8323 -> 4684 | Exceeding Max Length: 0
Successfully Saving to /path/to/NER/unitrans-data/xlmr_augment_v1//translation/FINAL//train.es.tsv | Examples: 8323 -> 4684 | Exceeding Max Length: 0
Successfully Saving to /path/to/NER/unitrans-data/xlmr_augment_v1/translation/FINAL/train.es.idx | Examples: 8323 -> 4684 | Exceeding Max Length: 0
Loading data from /path/to/NER/unitrans-data/xlmr_augment_v1//translation/LABELED_X_NER//train.nl.tsv + /path/to/NER/unitrans-data/xlmr_augment_v1//train-nl.tsv
ITER > 1: Loading data from /path/to/NER/unitrans-data/xlmr_augment_v1//translation/X_NER//nl/test.xlmr.tsv
Changing Begin I- -> B-
Changing Begin I- -> B-
Changing Begin I- -> B-
Prediction Accuracy 0.8761400049297511
Successfully Saving to /path/to/xTune/data/log//train.nl.tsv.log | Examples: 15806 -> 11907 | Exceeding Max Length: 0
Successfully Saving to /path/to/NER/unitrans-data/xlmr_augment_v1//translation/FINAL//train.nl.tsv | Examples: 15806 -> 11907 | Exceeding Max Length: 0
Successfully Saving to /path/to/NER/unitrans-data/xlmr_augment_v1/translation/FINAL/train.nl.idx | Examples: 15806 -> 11907 | Exceeding Max Length: 0
Loading data from /path/to/NER/unitrans-data/xlmr_augment_v1//translation/LABELED_X_NER//train.no.tsv + /path/to/NER/unitrans-data/xlmr_augment_v1//train-no.tsv
ITER > 1: Loading data from /path/to/NER/unitrans-data/xlmr_augment_v1//translation/X_NER//no/test.xlmr.tsv
Changing Begin I- -> B-
Changing Begin I- -> B-
Changing Begin I- -> B-
Prediction Accuracy 0.8232201222111696
Successfully Saving to /path/to/xTune/data/log//train.no.tsv.log | Examples: 15696 -> 11362 | Exceeding Max Length: 0
Successfully Saving to /path/to/NER/unitrans-data/xlmr_augment_v1//translation/FINAL//train.no.tsv | Examples: 15696 -> 11362 | Exceeding Max Length: 0
Successfully Saving to /path/to/NER/unitrans-data/xlmr_augment_v1/translation/FINAL/train.no.idx | Examples: 15696 -> 11362 | Exceeding Max Length: 0
Loading data from /path/to/NER/unitrans-data/xlmr_augment_v1//translation/LABELED_X_NER//train.de.tsv + /path/to/NER/unitrans-data/xlmr_augment_v1//train-de.tsv
ITER > 1: Loading data from /path/to/NER/unitrans-data/xlmr_augment_v1//translation/X_NER//de/test.xlmr.tsv
Changing Begin I- -> B-
Changing Begin I- -> B-
Changing Begin I- -> B-
Loading data from /path/to/NER/unitrans-data/xlmr_augment_v1//translation/LABELED_X_NER//train.nl.tsv + /path/to/NER/unitrans-data/xlmr_augment_v1//train-nl.tsv
Loading data from /path/to/NER/unitrans-data/xlmr_augment_v1//translation/LABELED_X_NER//train.de.tsv + /path/to/NER/unitrans-data/xlmr_augment_v1//train-de.tsv
ITER > 1: Loading data from /path/to/NER/unitrans-data/xlmr_augment_v1//translation/X_NER//de/test.xlmr.tsv
Changing Begin I- -> B-
Changing Begin I- -> B-
Changing Begin I- -> B-
Prediction Accuracy 0.765745501285347
Successfully Saving to /path/to/xTune/data/log//train.de.tsv.log | Examples: 12152 -> 7504 | Exceeding Max Length: 0
Successfully Saving to /path/to/NER/unitrans-data/xlmr_augment_v1//translation/FINAL//train.de.tsv | Examples: 12152 -> 7504 | Exceeding Max Length: 0
Successfully Saving to /path/to/NER/unitrans-data/xlmr_augment_v1/translation/FINAL/train.de.idx | Examples: 12152 -> 7504 | Exceeding Max Length: 0
Loading data from /path/to/NER/unitrans-data/xlmr_augment_v1//translation/LABELED_X_NER//train.es.tsv + /path/to/NER/unitrans-data/xlmr_augment_v1//train-es.tsv
ITER > 1: Loading data from /path/to/NER/unitrans-data/xlmr_augment_v1//translation/X_NER//es/test.xlmr.tsv
Changing Begin I- -> B-
Changing Begin I- -> B-
Changing Begin I- -> B-
Prediction Accuracy 0.845350052246604
Successfully Saving to /path/to/xTune/data/log//train.es.tsv.log | Examples: 8323 -> 4684 | Exceeding Max Length: 0
Successfully Saving to /path/to/NER/unitrans-data/xlmr_augment_v1//translation/FINAL//train.es.tsv | Examples: 8323 -> 4684 | Exceeding Max Length: 0
Successfully Saving to /path/to/NER/unitrans-data/xlmr_augment_v1/translation/FINAL/train.es.idx | Examples: 8323 -> 4684 | Exceeding Max Length: 0
Loading data from /path/to/NER/unitrans-data/xlmr_augment_v1//translation/LABELED_X_NER//train.nl.tsv + /path/to/NER/unitrans-data/xlmr_augment_v1//train-nl.tsv
ITER > 1: Loading data from /path/to/NER/unitrans-data/xlmr_augment_v1//translation/X_NER//nl/test.xlmr.tsv
Changing Begin I- -> B-
Changing Begin I- -> B-
Changing Begin I- -> B-
Prediction Accuracy 0.8761400049297511
Successfully Saving to /path/to/xTune/data/log//train.nl.tsv.log | Examples: 15806 -> 11907 | Exceeding Max Length: 0
Successfully Saving to /path/to/NER/unitrans-data/xlmr_augment_v1//translation/FINAL//train.nl.tsv | Examples: 15806 -> 11907 | Exceeding Max Length: 0
Successfully Saving to /path/to/NER/unitrans-data/xlmr_augment_v1/translation/FINAL/train.nl.idx | Examples: 15806 -> 11907 | Exceeding Max Length: 0
Loading data from /path/to/NER/unitrans-data/xlmr_augment_v1//translation/LABELED_X_NER//train.no.tsv + /path/to/NER/unitrans-data/xlmr_augment_v1//train-no.tsv
ITER > 1: Loading data from /path/to/NER/unitrans-data/xlmr_augment_v1//translation/X_NER//no/test.xlmr.tsv
Changing Begin I- -> B-
Changing Begin I- -> B-
Changing Begin I- -> B-
Prediction Accuracy 0.8232201222111696
Successfully Saving to /path/to/xTune/data/log//train.no.tsv.log | Examples: 15696 -> 11362 | Exceeding Max Length: 0
Successfully Saving to /path/to/NER/unitrans-data/xlmr_augment_v1//translation/FINAL//train.no.tsv | Examples: 15696 -> 11362 | Exceeding Max Length: 0
Successfully Saving to /path/to/NER/unitrans-data/xlmr_augment_v1/translation/FINAL/train.no.idx | Examples: 15696 -> 11362 | Exceeding Max Length: 0
Loading data from /path/to/NER/unitrans-data/xlmr_augment_v1//translation/LABELED_X_NER//train.de.tsv + /path/to/NER/unitrans-data/xlmr_augment_v1//train-de.tsv
ITER > 1: Loading data from /path/to/NER/unitrans-data/xlmr_augment_v1//translation/X_NER//de/test.xlmr.tsv
Changing Begin I- -> B-
Changing Begin I- -> B-
Changing Begin I- -> B-
Prediction Accuracy 0.7621524955291823
Successfully Saving to /path/to/xTune/data/log//train.de.tsv.log | Examples: 12152 -> 7471 | Exceeding Max Length: 0
Successfully Saving to /path/to/NER/unitrans-data/xlmr_augment_v1//translation/FINAL//train.de.tsv | Examples: 12152 -> 7471 | Exceeding Max Length: 0
Successfully Saving to /path/to/NER/unitrans-data/xlmr_augment_v1/translation/FINAL/train.de.idx | Examples: 12152 -> 7471 | Exceeding Max Length: 0
Loading data from /path/to/NER/unitrans-data/xlmr_augment_v1//translation/LABELED_X_NER//train.es.tsv + /path/to/NER/unitrans-data/xlmr_augment_v1//train-es.tsv
ITER > 1: Loading data from /path/to/NER/unitrans-data/xlmr_augment_v1//translation/X_NER//es/test.xlmr.tsv
Changing Begin I- -> B-
Changing Begin I- -> B-
Changing Begin I- -> B-
Prediction Accuracy 0.8447867298578199
Successfully Saving to /path/to/xTune/data/log//train.es.tsv.log | Examples: 8323 -> 4634 | Exceeding Max Length: 0
Successfully Saving to /path/to/NER/unitrans-data/xlmr_augment_v1//translation/FINAL//train.es.tsv | Examples: 8323 -> 4634 | Exceeding Max Length: 0
Successfully Saving to /path/to/NER/unitrans-data/xlmr_augment_v1/translation/FINAL/train.es.idx | Examples: 8323 -> 4634 | Exceeding Max Length: 0
Loading data from /path/to/NER/unitrans-data/xlmr_augment_v1//translation/LABELED_X_NER//train.nl.tsv + /path/to/NER/unitrans-data/xlmr_augment_v1//train-nl.tsv
ITER > 1: Loading data from /path/to/NER/unitrans-data/xlmr_augment_v1//translation/X_NER//nl/test.xlmr.tsv
Changing Begin I- -> B-
Changing Begin I- -> B-
Changing Begin I- -> B-
Prediction Accuracy 0.8753981867189414
Successfully Saving to /path/to/xTune/data/log//train.nl.tsv.log | Examples: 15806 -> 11947 | Exceeding Max Length: 0
Successfully Saving to /path/to/NER/unitrans-data/xlmr_augment_v1//translation/FINAL//train.nl.tsv | Examples: 15806 -> 11947 | Exceeding Max Length: 0
Successfully Saving to /path/to/NER/unitrans-data/xlmr_augment_v1/translation/FINAL/train.nl.idx | Examples: 15806 -> 11947 | Exceeding Max Length: 0
Loading data from /path/to/NER/unitrans-data/xlmr_augment_v1//translation/LABELED_X_NER//train.no.tsv + /path/to/NER/unitrans-data/xlmr_augment_v1//train-no.tsv
ITER > 1: Loading data from /path/to/NER/unitrans-data/xlmr_augment_v1//translation/X_NER//no/test.xlmr.tsv
Changing Begin I- -> B-
Changing Begin I- -> B-
Changing Begin I- -> B-
Prediction Accuracy 0.8174256309037079
Successfully Saving to /path/to/xTune/data/log//train.no.tsv.log | Examples: 15696 -> 11412 | Exceeding Max Length: 0
Successfully Saving to /path/to/NER/unitrans-data/xlmr_augment_v1//translation/FINAL//train.no.tsv | Examples: 15696 -> 11412 | Exceeding Max Length: 0
Successfully Saving to /path/to/NER/unitrans-data/xlmr_augment_v1/translation/FINAL/train.no.idx | Examples: 15696 -> 11412 | Exceeding Max Length: 0
